<?xml version="1.0" encoding="UTF-8"?>
<!-- Generated by org.testng.reporters.JUnitReportReporter -->
<testsuite hostname="DESKTOP-2VBBHL1" failures="0" tests="1" name="TestNG.NewTest" time="12.557" errors="0" timestamp="2025-02-24T23:50:32 IST" skipped="0">
  <testcase classname="TestNG.NewTest" name="login" time="12.557"/>
  <system-out>
    <![CDATA[login success]]>
  </system-out>
</testsuite> <!-- TestNG.NewTest -->
