<?xml version="1.0" encoding="UTF-8"?>
<!-- Generated by org.testng.reporters.JUnitReportReporter -->
<testsuite hostname="DESKTOP-2VBBHL1" failures="0" tests="1" name="Google.Orange1" time="6.121" errors="0" timestamp="2025-04-06T20:46:32 IST" skipped="0">
  <testcase classname="Google.Orange1" name="login" time="6.121"/>
  <system-out/>
</testsuite> <!-- Google.Orange1 -->
