<?xml version="1.0" encoding="UTF-8"?>
<!-- Generated by org.testng.reporters.JUnitReportReporter -->
<testsuite hostname="DESKTOP-2VBBHL1" failures="0" tests="1" name="Google.Orange" time="4.653" errors="0" timestamp="2025-04-06T19:45:46 IST" skipped="0">
  <testcase classname="Google.Orange" name="login" time="4.653"/>
  <system-out/>
</testsuite> <!-- Google.Orange -->
