<?xml version="1.0" encoding="UTF-8"?>
<!-- Generated by org.testng.reporters.JUnitReportReporter -->
<testsuite hostname="DESKTOP-2VBBHL1" failures="0" tests="2" name="POMDriverFactory.TestScript" time="31.832" errors="0" timestamp="2025-03-03T00:32:55 IST" skipped="0">
  <testcase classname="POMDriverFactory.TestScript" name="usercreation" time="12.927"/>
  <system-out/>
  <testcase classname="POMDriverFactory.TestScript" name="employeecreation" time="18.905"/>
  <system-out/>
</testsuite> <!-- POMDriverFactory.TestScript -->
