<?xml version="1.0" encoding="UTF-8"?>
<!-- Generated by org.testng.reporters.JUnitReportReporter -->
<testsuite hostname="DESKTOP-2VBBHL1" failures="0" tests="1" name="TestNG.PropertyFile" time="18.819" errors="0" timestamp="2025-02-25T21:05:06 IST" skipped="0">
  <testcase classname="TestNG.PropertyFile" name="login" time="18.819"/>
  <system-out>
    <![CDATA[login success]]>
  </system-out>
</testsuite> <!-- TestNG.PropertyFile -->
